% mean class accuracy (train set)	
 9.7300e+00	
 2.7232e+01	
 5.0628e+01	
 6.4593e+01	
 7.2315e+01	
 7.6957e+01	
 7.9972e+01	
 8.2157e+01	
 8.4127e+01	
 8.5757e+01	
 8.6847e+01	
 8.8017e+01	
 8.8710e+01	
 8.9890e+01	
 9.0752e+01	
 9.1230e+01	
 9.1483e+01	
 9.2233e+01	
 9.2615e+01	
 9.2975e+01	
 9.3252e+01	
 9.4042e+01	
 9.4288e+01	
 9.3955e+01	
 9.4727e+01	
 9.4957e+01	
 9.5110e+01	
 9.5388e+01	
 9.5430e+01	
 9.5552e+01	
 9.5600e+01	
 9.5900e+01	
 9.5885e+01	
 9.6240e+01	
 9.6297e+01	
 9.6328e+01	
 9.6593e+01	
 9.6312e+01	
 9.6737e+01	
 9.6858e+01	
 9.6880e+01	
 9.6920e+01	
 9.7135e+01	
 9.7017e+01	
 9.7395e+01	
 9.7483e+01	
 9.7615e+01	
 9.7390e+01	
 9.7508e+01	
 9.7625e+01	
 9.7623e+01	
